<?xml version="1.0" encoding="UTF-8"?>
<!-- Generated by org.testng.reporters.JUnitXMLReporter -->
<testsuite hostname="TSD-PRATIKSHYA" ignored="2" name="Default test" tests="1" failures="0" timestamp="29 May 2019 05:53:39 GMT" time="59.041" errors="0">
  <testcase name="verifyRHO_TC3" time="31.56" classname="com.benchmark.testcases.home.VerifyOralReadingRecordReportsORR"/>
  <testcase name="verifyFilter_TC1" time="0.0" classname="com.benchmark.testcases.home.VerifyOralReadingRecordReportsORR">
    <ignored/>
  </testcase> <!-- verifyFilter_TC1 -->
  <testcase name="verifyRLP_TC2" time="0.0" classname="com.benchmark.testcases.home.VerifyOralReadingRecordReportsORR">
    <ignored/>
  </testcase> <!-- verifyRLP_TC2 -->
</testsuite> <!-- Default test -->
