<?xml version="1.0" encoding="UTF-8"?>
<testng-results skipped="0" failed="0" ignored="2" total="3" passed="1">
  <reporter-output>
    <line>
      <![CDATA[1---->>>>Login Functionality :true]]>
    </line>
    <line>
      <![CDATA[2---->>>>Reach to ORR Functionality :true]]>
    </line>
    <line>
      <![CDATA[----->>Default order of Date column validated]]>
    </line>
    <line>
      <![CDATA[----->>Sorting of Date column validation failed]]>
    </line>
    <line>
      <![CDATA[----->>Sorting of Proficiency column validated]]>
    </line>
    <line>
      <![CDATA[----->>Sorting last passage column validated]]>
    </line>
    <line>
      <![CDATA[----->>Sorting Category column validated]]>
    </line>
    <line>
      <![CDATA[----->>Sorting Accuracy column validated]]>
    </line>
    <line>
      <![CDATA[----->>Sorting Fluency column Validated]]>
    </line>
    <line>
      <![CDATA[3---->>>>Reading History Functionality :true]]>
    </line>
  </reporter-output>
  <suite name="Default suite" duration-ms="59041" started-at="2019-05-29T05:52:40Z" finished-at="2019-05-29T05:53:39Z">
    <groups>
    </groups>
    <test name="Default test" duration-ms="59041" started-at="2019-05-29T05:52:40Z" finished-at="2019-05-29T05:53:39Z">
      <class name="com.benchmark.testcases.home.VerifyOralReadingRecordReportsORR">
        <test-method status="PASS" signature="beforeClass()[pri:0, instance:com.benchmark.testcases.home.VerifyOralReadingRecordReportsORR@5649fd9b]" name="beforeClass" is-config="true" duration-ms="15" started-at="2019-05-29T05:52:40Z" finished-at="2019-05-29T05:52:40Z">
          <reporter-output>
          </reporter-output>
        </test-method> <!-- beforeClass -->
        <test-method status="PASS" signature="beforeMethod()[pri:0, instance:com.benchmark.testcases.home.VerifyOralReadingRecordReportsORR@5649fd9b]" name="beforeMethod" is-config="true" duration-ms="27447" started-at="2019-05-29T05:52:40Z" finished-at="2019-05-29T05:53:08Z">
          <reporter-output>
          </reporter-output>
        </test-method> <!-- beforeMethod -->
        <test-method status="PASS" signature="verifyRHO_TC3()[pri:0, instance:com.benchmark.testcases.home.VerifyOralReadingRecordReportsORR@5649fd9b]" name="verifyRHO_TC3" duration-ms="31560" started-at="2019-05-29T05:53:08Z" description="Validate Reading History " finished-at="2019-05-29T05:53:39Z">
          <reporter-output>
            <line>
              <![CDATA[1---->>>>Login Functionality :true]]>
            </line>
            <line>
              <![CDATA[2---->>>>Reach to ORR Functionality :true]]>
            </line>
            <line>
              <![CDATA[----->>Default order of Date column validated]]>
            </line>
            <line>
              <![CDATA[----->>Sorting of Date column validation failed]]>
            </line>
            <line>
              <![CDATA[----->>Sorting of Proficiency column validated]]>
            </line>
            <line>
              <![CDATA[----->>Sorting last passage column validated]]>
            </line>
            <line>
              <![CDATA[----->>Sorting Category column validated]]>
            </line>
            <line>
              <![CDATA[----->>Sorting Accuracy column validated]]>
            </line>
            <line>
              <![CDATA[----->>Sorting Fluency column Validated]]>
            </line>
            <line>
              <![CDATA[3---->>>>Reading History Functionality :true]]>
            </line>
          </reporter-output>
        </test-method> <!-- verifyRHO_TC3 -->
        <test-method status="PASS" signature="afterMethod()[pri:0, instance:com.benchmark.testcases.home.VerifyOralReadingRecordReportsORR@5649fd9b]" name="afterMethod" is-config="true" duration-ms="0" started-at="2019-05-29T05:53:39Z" finished-at="2019-05-29T05:53:39Z">
          <reporter-output>
          </reporter-output>
        </test-method> <!-- afterMethod -->
        <test-method status="PASS" signature="afterClass()[pri:0, instance:com.benchmark.testcases.home.VerifyOralReadingRecordReportsORR@5649fd9b]" name="afterClass" is-config="true" duration-ms="0" started-at="2019-05-29T05:53:39Z" finished-at="2019-05-29T05:53:39Z">
          <reporter-output>
          </reporter-output>
        </test-method> <!-- afterClass -->
      </class> <!-- com.benchmark.testcases.home.VerifyOralReadingRecordReportsORR -->
    </test> <!-- Default test -->
  </suite> <!-- Default suite -->
</testng-results>
